<?xml version="1.0" encoding="UTF-8" ?>
<testsuite tests="1" failures="1" name="se.kth.id2203.simulation.OpsTest" time="2.088" errors="0" skipped="0">
  <properties>
[...]
</properties>
  <testcase classname="se.kth.id2203.simulation.OpsTest" name="simpleOpsTest" time="2.088">
    <failure message="null expected:&lt;[NOT_IMPLEMENTED]&gt; but was:&lt;[SENT]&gt;" type="junit.framework.ComparisonFailure">junit.framework.ComparisonFailure: null expected:&lt;[NOT_IMPLEMENTED]&gt; but was:&lt;[SENT]&gt;
	at junit.framework.Assert.assertEquals(Assert.java:81)
	at junit.framework.Assert.assertEquals(Assert.java:87)
	at se.kth.id2203.simulation.OpsTest.simpleOpsTest(OpsTest.java:48)
	at sun.reflect.NativeMethodAccessorImpl.invoke0(Native Method)
	at sun.reflect.NativeMethodAccessorImpl.invoke(NativeMethodAccessorImpl.java:62)
	at sun.reflect.DelegatingMethodAccessorImpl.invoke(DelegatingMethodAccessorImpl.java:43)
	at java.lang.reflect.Method.invoke(Method.java:498)
	at org.junit.runners.model.FrameworkMethod$1.runReflectiveCall(FrameworkMethod.java:44)
	at org.junit.internal.runners.model.ReflectiveCallable.run(ReflectiveCallable.java:15)
	at org.junit.runners.model.FrameworkMethod.invokeExplosively(FrameworkMethod.java:41)
	at org.junit.internal.runners.statements.InvokeMethod.evaluate(InvokeMethod.java:20)
	at org.junit.internal.runners.statements.RunBefores.evaluate(RunBefores.java:28)
	at org.junit.internal.runners.statements.RunAfters.evaluate(RunAfters.java:31)
	at org.junit.runners.BlockJUnit4ClassRunner.runChild(BlockJUnit4ClassRunner.java:73)
	at org.junit.runners.BlockJUnit4ClassRunner.runChild(BlockJUnit4ClassRunner.java:46)
	at org.junit.runners.ParentRunner.runChildren(ParentRunner.java:180)
	at org.junit.runners.ParentRunner.access$000(ParentRunner.java:41)
	at org.junit.runners.ParentRunner$1.evaluate(ParentRunner.java:173)
	at org.junit.internal.runners.statements.RunBefores.evaluate(RunBefores.java:28)
	at org.junit.internal.runners.statements.RunAfters.evaluate(RunAfters.java:31)
	at org.junit.runners.ParentRunner.run(ParentRunner.java:220)
	at org.apache.maven.surefire.junit4.JUnit4Provider.execute(JUnit4Provider.java:252)
	at org.apache.maven.surefire.junit4.JUnit4Provider.executeTestSet(JUnit4Provider.java:141)
	at org.apache.maven.surefire.junit4.JUnit4Provider.invoke(JUnit4Provider.java:112)
	at sun.reflect.NativeMethodAccessorImpl.invoke0(Native Method)
	at sun.reflect.NativeMethodAccessorImpl.invoke(NativeMethodAccessorImpl.java:62)
	at sun.reflect.DelegatingMethodAccessorImpl.invoke(DelegatingMethodAccessorImpl.java:43)
	at java.lang.reflect.Method.invoke(Method.java:498)
	at org.apache.maven.surefire.util.ReflectionUtils.invokeMethodWithArray(ReflectionUtils.java:189)
	at org.apache.maven.surefire.booter.ProviderFactory$ProviderProxy.invoke(ProviderFactory.java:165)
	at org.apache.maven.surefire.booter.ProviderFactory.invokeProvider(ProviderFactory.java:85)
	at org.apache.maven.surefire.booter.ForkedBooter.runSuitesInProcess(ForkedBooter.java:115)
	at org.apache.maven.surefire.booter.ForkedBooter.main(ForkedBooter.java:75)
</failure>
    <system-out>11:20:49,266 |-INFO in ch.qos.logback.classic.LoggerContext[default] - Could NOT find resource [logback.groovy]
11:20:49,266 |-INFO in ch.qos.logback.classic.LoggerContext[default] - Could NOT find resource [logback-test.xml]
11:20:49,266 |-INFO in ch.qos.logback.classic.LoggerContext[default] - Found resource [logback.xml] at [file:/Users/Klas/Library/Mobile%20Documents/com~apple~CloudDocs/KTH/dsac/project/id2203-project/server/target/test-classes/logback.xml]
11:20:49,267 |-WARN in ch.qos.logback.classic.LoggerContext[default] - Resource [logback.xml] occurs multiple times on the classpath.
11:20:49,267 |-WARN in ch.qos.logback.classic.LoggerContext[default] - Resource [logback.xml] occurs at [file:/Users/Klas/Library/Mobile%20Documents/com~apple~CloudDocs/KTH/dsac/project/id2203-project/server/target/classes/logback.xml]
11:20:49,267 |-WARN in ch.qos.logback.classic.LoggerContext[default] - Resource [logback.xml] occurs at [file:/Users/Klas/Library/Mobile%20Documents/com~apple~CloudDocs/KTH/dsac/project/id2203-project/server/target/test-classes/logback.xml]
11:20:49,409 |-INFO in ch.qos.logback.classic.joran.action.ConfigurationAction - debug attribute not set
11:20:49,420 |-INFO in ch.qos.logback.core.joran.action.AppenderAction - About to instantiate appender of type [ch.qos.logback.core.ConsoleAppender]
11:20:49,432 |-INFO in ch.qos.logback.core.joran.action.AppenderAction - Naming appender as [CONSOLE]
11:20:49,445 |-INFO in ch.qos.logback.core.joran.action.NestedComplexPropertyIA - Assuming default type [ch.qos.logback.classic.encoder.PatternLayoutEncoder] for [encoder] property
11:20:49,513 |-INFO in ch.qos.logback.classic.joran.action.LoggerAction - Setting level of logger [Kompics] to INFO
11:20:49,513 |-INFO in ch.qos.logback.classic.joran.action.LoggerAction - Setting level of logger [se.sics.kompics.timer.java.JavaTimer] to INFO
11:20:49,513 |-INFO in ch.qos.logback.classic.joran.action.LoggerAction - Setting level of logger [se.kth.id2203] to DEBUG
11:20:49,513 |-INFO in ch.qos.logback.classic.joran.action.RootLoggerAction - Setting level of ROOT logger to TRACE
11:20:49,514 |-INFO in ch.qos.logback.core.joran.action.AppenderRefAction - Attaching appender named [CONSOLE] to Logger[ROOT]
11:20:49,514 |-INFO in ch.qos.logback.classic.joran.action.ConfigurationAction - End of configuration.
11:20:49,515 |-INFO in ch.qos.logback.classic.joran.JoranConfigurator@3bfdc050 - Registering current configuration as safe fallback point

02/21 11:20:49 INFO [main] CodeInstrumentation - no user defined instrumentation exceptions detected
00:00:00,001 |-INFO in ch.qos.logback.classic.LoggerContext[default] - Could NOT find resource [logback.groovy]
00:00:00,001 |-INFO in ch.qos.logback.classic.LoggerContext[default] - Could NOT find resource [logback-test.xml]
00:00:00,001 |-INFO in ch.qos.logback.classic.LoggerContext[default] - Found resource [logback.xml] at [file:/Users/Klas/Library/Mobile%20Documents/com~apple~CloudDocs/KTH/dsac/project/id2203-project/server/target/test-classes/logback.xml]
00:00:00,001 |-WARN in ch.qos.logback.classic.LoggerContext[default] - Resource [logback.xml] occurs multiple times on the classpath.
00:00:00,001 |-WARN in ch.qos.logback.classic.LoggerContext[default] - Resource [logback.xml] occurs at [file:/Users/Klas/Library/Mobile%20Documents/com~apple~CloudDocs/KTH/dsac/project/id2203-project/server/target/classes/logback.xml]
00:00:00,001 |-WARN in ch.qos.logback.classic.LoggerContext[default] - Resource [logback.xml] occurs at [file:/Users/Klas/Library/Mobile%20Documents/com~apple~CloudDocs/KTH/dsac/project/id2203-project/server/target/test-classes/logback.xml]
00:00:00,001 |-INFO in ch.qos.logback.classic.joran.action.ConfigurationAction - debug attribute not set
00:00:00,001 |-INFO in ch.qos.logback.core.joran.action.AppenderAction - About to instantiate appender of type [ch.qos.logback.core.ConsoleAppender]
00:00:00,001 |-INFO in ch.qos.logback.core.joran.action.AppenderAction - Naming appender as [CONSOLE]
00:00:00,001 |-INFO in ch.qos.logback.core.joran.action.NestedComplexPropertyIA - Assuming default type [ch.qos.logback.classic.encoder.PatternLayoutEncoder] for [encoder] property
00:00:00,001 |-INFO in ch.qos.logback.classic.joran.action.LoggerAction - Setting level of logger [Kompics] to INFO
00:00:00,001 |-INFO in ch.qos.logback.classic.joran.action.LoggerAction - Setting level of logger [se.sics.kompics.timer.java.JavaTimer] to INFO
00:00:00,001 |-INFO in ch.qos.logback.classic.joran.action.LoggerAction - Setting level of logger [se.kth.id2203] to DEBUG
00:00:00,001 |-INFO in ch.qos.logback.classic.joran.action.RootLoggerAction - Setting level of ROOT logger to TRACE
00:00:00,001 |-INFO in ch.qos.logback.core.joran.action.AppenderRefAction - Attaching appender named [CONSOLE] to Logger[ROOT]
00:00:00,001 |-INFO in ch.qos.logback.classic.joran.action.ConfigurationAction - End of configuration.
00:00:00,001 |-INFO in ch.qos.logback.classic.joran.JoranConfigurator@7586beff - Registering current configuration as safe fallback point

01/01 00:00:00 INFO [main] s.s.k.s.c.i.P2pSimulator - initiating...
01/01 00:00:00 INFO [main] s.s.k.s.c.i.SimulatorMngrComp - initiating...
01/01 00:00:00 INFO [main] s.s.k.s.c.i.P2pSimulator - simulation started
01/01 00:00:00 INFO [main] s.s.k.s.c.i.SimulatorMngrComp - starting...
01/01 00:00:00 DEBUG[main] s.s.k.s.c.i.P2pSimulator - Started:Process0
01/01 00:00:00 TRACE[main] s.s.k.s.c.i.P2pSimulator - sending:Process0-StartNode&lt;/192.168.0.1:45678&gt;
01/01 00:00:00 DEBUG[main] s.s.k.s.c.i.SimulatorMngrComp - received start:StartNode&lt;/192.168.0.1:45678&gt; for node:/192.168.0.1:45678
01/01 00:00:00 INFO [main] s.k.i.b.BootstrapServer - Starting bootstrap server on /192.168.0.1:45678, waiting for 3 nodes...
01/01 00:00:00 DEBUG[main] s.s.k.s.c.i.P2pSimulator - schedulePeriodicTimeout@4000 : se.kth.id2203.bootstrapping.BSTimeout@66ea810
01/01 00:00:01 TRACE[main] s.s.k.s.c.i.P2pSimulator - sending:Process0-StartNode&lt;/192.168.0.2:45678&gt;
01/01 00:00:01 DEBUG[main] s.s.k.s.c.i.SimulatorMngrComp - received start:StartNode&lt;/192.168.0.2:45678&gt; for node:/192.168.0.2:45678
01/01 00:00:01 DEBUG[main] s.k.i.b.BootstrapClient - Starting bootstrap client on /192.168.0.2:45678
01/01 00:00:01 DEBUG[main] s.s.k.s.c.i.P2pSimulator - schedulePeriodicTimeout@4000 : se.kth.id2203.bootstrapping.BSTimeout@38145825
01/01 00:00:02 TRACE[main] s.s.k.s.c.i.P2pSimulator - sending:Process0-StartNode&lt;/192.168.0.3:45678&gt;
01/01 00:00:02 DEBUG[main] s.s.k.s.c.i.P2pSimulator - Terminated process:Process0
01/01 00:00:02 DEBUG[main] s.s.k.s.c.i.SimulatorMngrComp - received start:StartNode&lt;/192.168.0.3:45678&gt; for node:/192.168.0.3:45678
01/01 00:00:02 DEBUG[main] s.k.i.b.BootstrapClient - Starting bootstrap client on /192.168.0.3:45678
01/01 00:00:02 DEBUG[main] s.s.k.s.c.i.P2pSimulator - schedulePeriodicTimeout@4000 : se.kth.id2203.bootstrapping.BSTimeout@1e4f4a5c
01/01 00:00:04 DEBUG[main] s.s.k.s.c.i.P2pSimulator - triggered [periodic] timeout:se.kth.id2203.bootstrapping.BSTimeout&lt;03d242c9-c6bc-66e5-fa08-de95fda00201&gt;
01/01 00:00:04 INFO [main] s.k.i.b.BootstrapServer - 1 hosts in active set.
01/01 00:00:05 DEBUG[main] s.s.k.s.c.i.P2pSimulator - triggered [periodic] timeout:se.kth.id2203.bootstrapping.BSTimeout&lt;24aa1777-5bf2-42ac-7684-676c46350e7d&gt;
01/01 00:00:05 DEBUG[main] s.s.k.s.c.i.P2pSimulator - sending msg:se.kth.id2203.networking.Message@23941fb4 from:/192.168.0.2:45678 to:/192.168.0.1:45678
01/01 00:00:05 TRACE[main] s.s.k.s.c.i.P2pSimulator - delivered network msg:se.kth.id2203.networking.Message@23941fb4 from:/192.168.0.2:45678 to:/192.168.0.1:45678
01/01 00:00:06 DEBUG[main] s.s.k.s.c.i.P2pSimulator - triggered [periodic] timeout:se.kth.id2203.bootstrapping.BSTimeout&lt;40730ba5-c574-c40b-f2bc-3c2cb672aefb&gt;
01/01 00:00:06 DEBUG[main] s.s.k.s.c.i.P2pSimulator - sending msg:se.kth.id2203.networking.Message@7486b455 from:/192.168.0.3:45678 to:/192.168.0.1:45678
01/01 00:00:06 TRACE[main] s.s.k.s.c.i.P2pSimulator - delivered network msg:se.kth.id2203.networking.Message@7486b455 from:/192.168.0.3:45678 to:/192.168.0.1:45678
01/01 00:00:08 DEBUG[main] s.s.k.s.c.i.P2pSimulator - triggered [periodic] timeout:se.kth.id2203.bootstrapping.BSTimeout&lt;03d242c9-c6bc-66e5-fa08-de95fda00201&gt;
01/01 00:00:08 INFO [main] s.k.i.b.BootstrapServer - 3 hosts in active set.
01/01 00:00:08 INFO [main] s.k.i.b.BootstrapServer - Threshold reached. Generating assignments...
01/01 00:00:08 INFO [main] s.k.i.o.VSOverlayManager - Generating LookupTable...
01/01 00:00:08 INFO [main] s.k.i.o.LookupTable - Lookup table key: 0.0 and share 33.0
01/01 00:00:08 INFO [main] s.k.i.o.LookupTable - Lookup table key: 33.0 and share 33.0
01/01 00:00:08 INFO [main] s.k.i.o.LookupTable - Lookup table key: 66.0 and share 33.0
01/01 00:00:08 DEBUG[main] s.k.i.o.VSOverlayManager - Generated assignments:
LookupTable(
0 -&gt; [/192.168.0.1:45678]
33 -&gt; [/192.168.0.2:45678]
66 -&gt; [/192.168.0.3:45678]
)
01/01 00:00:08 INFO [main] s.k.i.b.BootstrapServer - Seeding assignments...
01/01 00:00:08 DEBUG[main] s.s.k.s.c.i.P2pSimulator - sending msg:se.kth.id2203.networking.Message@1e13529a from:/192.168.0.1:45678 to:/192.168.0.1:45678
01/01 00:00:08 DEBUG[main] s.s.k.s.c.i.P2pSimulator - sending msg:se.kth.id2203.networking.Message@1ec9bd38 from:/192.168.0.1:45678 to:/192.168.0.2:45678
01/01 00:00:08 DEBUG[main] s.s.k.s.c.i.P2pSimulator - sending msg:se.kth.id2203.networking.Message@452e19ca from:/192.168.0.1:45678 to:/192.168.0.3:45678
01/01 00:00:08 TRACE[main] s.s.k.s.c.i.P2pSimulator - delivered network msg:se.kth.id2203.networking.Message@1e13529a from:/192.168.0.1:45678 to:/192.168.0.1:45678
01/01 00:00:08 TRACE[main] s.s.k.s.c.i.P2pSimulator - delivered network msg:se.kth.id2203.networking.Message@1ec9bd38 from:/192.168.0.1:45678 to:/192.168.0.2:45678
01/01 00:00:08 TRACE[main] s.s.k.s.c.i.P2pSimulator - delivered network msg:se.kth.id2203.networking.Message@452e19ca from:/192.168.0.1:45678 to:/192.168.0.3:45678
01/01 00:00:08 INFO [main] s.k.i.b.BootstrapClient - /192.168.0.2:45678 Booting up.
01/01 00:00:08 INFO [main] s.k.i.b.BootstrapClient - /192.168.0.3:45678 Booting up.
01/01 00:00:08 INFO [main] s.k.i.o.VSOverlayManager - Got NodeAssignment, overlay ready.
01/01 00:00:08 DEBUG[main] s.s.k.s.c.i.P2pSimulator - cancelPeriodicTimeout: 24aa1777-5bf2-42ac-7684-676c46350e7d. APT=[40730ba5-c574-c40b-f2bc-3c2cb672aefb, 24aa1777-5bf2-42ac-7684-676c46350e7d, 03d242c9-c6bc-66e5-fa08-de95fda00201]
01/01 00:00:08 INFO [main] s.k.i.o.VSOverlayManager - Got NodeAssignment, overlay ready.
01/01 00:00:08 DEBUG[main] s.s.k.s.c.i.P2pSimulator - sending msg:se.kth.id2203.networking.Message@6b0d80ed from:/192.168.0.2:45678 to:/192.168.0.1:45678
01/01 00:00:08 DEBUG[main] s.s.k.s.c.i.P2pSimulator - cancelPeriodicTimeout: 40730ba5-c574-c40b-f2bc-3c2cb672aefb. APT=[40730ba5-c574-c40b-f2bc-3c2cb672aefb, 03d242c9-c6bc-66e5-fa08-de95fda00201]
01/01 00:00:08 DEBUG[main] s.s.k.s.c.i.P2pSimulator - sending msg:se.kth.id2203.networking.Message@6f8e8894 from:/192.168.0.3:45678 to:/192.168.0.1:45678
01/01 00:00:08 TRACE[main] s.s.k.s.c.i.P2pSimulator - delivered network msg:se.kth.id2203.networking.Message@6b0d80ed from:/192.168.0.2:45678 to:/192.168.0.1:45678
01/01 00:00:08 TRACE[main] s.s.k.s.c.i.P2pSimulator - delivered network msg:se.kth.id2203.networking.Message@6f8e8894 from:/192.168.0.3:45678 to:/192.168.0.1:45678
01/01 00:00:12 DEBUG[main] s.s.k.s.c.i.P2pSimulator - triggered [periodic] timeout:se.kth.id2203.bootstrapping.BSTimeout&lt;03d242c9-c6bc-66e5-fa08-de95fda00201&gt;
01/01 00:00:12 DEBUG[main] s.s.k.s.c.i.P2pSimulator - Started:Process1
01/01 00:00:12 TRACE[main] s.s.k.s.c.i.P2pSimulator - sending:Process1-StartClient&lt;/192.168.1.1:45678&gt;
01/01 00:00:12 DEBUG[main] s.s.k.s.c.i.P2pSimulator - Terminated process:Process1
01/01 00:00:12 INFO [main] s.k.i.b.BootstrapServer - 3 hosts in ready set.
01/01 00:00:12 INFO [main] s.k.i.b.BootstrapServer - Finished seeding. Bootstrapping complete.
01/01 00:00:12 DEBUG[main] s.s.k.s.c.i.SimulatorMngrComp - received start:StartClient&lt;/192.168.1.1:45678&gt; for node:/192.168.1.1:45678
01/01 00:00:12 INFO [main] s.k.i.o.VSOverlayManager - Got NodeAssignment, overlay ready.
01/01 00:00:12 INFO [main] s.k.i.s.ScenarioClient - Sending Operation{id=50f8fd89-e213-217d-7a93-6a022b9839e4, key=test0}
01/01 00:00:12 INFO [main] s.k.i.s.ScenarioClient - Sending Operation{id=24cc79cd-f64a-260e-30cc-43ccb96b6625, key=test1}
01/01 00:00:12 INFO [main] s.k.i.s.ScenarioClient - Sending Operation{id=e7817fb2-ad67-1514-4982-c967cdecdb80, key=test2}
01/01 00:00:12 INFO [main] s.k.i.s.ScenarioClient - Sending Operation{id=a820db14-7101-5870-5210-b615764b6639, key=test3}
01/01 00:00:12 INFO [main] s.k.i.s.ScenarioClient - Sending Operation{id=189c6082-da52-e6b2-78b3-6bea80783fbb, key=test4}
01/01 00:00:12 INFO [main] s.k.i.s.ScenarioClient - Sending Operation{id=b681bb5b-fdef-f99a-916f-420cf82212bc, key=test5}
01/01 00:00:12 INFO [main] s.k.i.s.ScenarioClient - Sending Operation{id=90c38917-5a65-28db-601d-021e0c199d9e, key=test6}
01/01 00:00:12 INFO [main] s.k.i.s.ScenarioClient - Sending Operation{id=c9a855de-1255-ed23-00cd-48f407739718, key=test7}
01/01 00:00:12 INFO [main] s.k.i.s.ScenarioClient - Sending Operation{id=1cd44e5f-7bd1-cf57-0234-be8af8d1b915, key=test8}
01/01 00:00:12 INFO [main] s.k.i.s.ScenarioClient - Sending Operation{id=7b5bbae1-fd36-c823-598f-593ac47715dc, key=test9}
01/01 00:00:12 DEBUG[main] s.s.k.s.c.i.P2pSimulator - sending msg:se.kth.id2203.networking.Message@3b5fad2d from:/192.168.1.1:45678 to:/192.168.0.1:45678
01/01 00:00:12 DEBUG[main] s.s.k.s.c.i.P2pSimulator - sending msg:se.kth.id2203.networking.Message@5e17553a from:/192.168.1.1:45678 to:/192.168.0.1:45678
01/01 00:00:12 DEBUG[main] s.s.k.s.c.i.P2pSimulator - sending msg:se.kth.id2203.networking.Message@3eb91815 from:/192.168.1.1:45678 to:/192.168.0.1:45678
01/01 00:00:12 DEBUG[main] s.s.k.s.c.i.P2pSimulator - sending msg:se.kth.id2203.networking.Message@56dc1551 from:/192.168.1.1:45678 to:/192.168.0.1:45678
01/01 00:00:12 DEBUG[main] s.s.k.s.c.i.P2pSimulator - sending msg:se.kth.id2203.networking.Message@102cec62 from:/192.168.1.1:45678 to:/192.168.0.1:45678
01/01 00:00:12 DEBUG[main] s.s.k.s.c.i.P2pSimulator - sending msg:se.kth.id2203.networking.Message@74f6c5d8 from:/192.168.1.1:45678 to:/192.168.0.1:45678
01/01 00:00:12 DEBUG[main] s.s.k.s.c.i.P2pSimulator - sending msg:se.kth.id2203.networking.Message@27912e3 from:/192.168.1.1:45678 to:/192.168.0.1:45678
01/01 00:00:12 DEBUG[main] s.s.k.s.c.i.P2pSimulator - sending msg:se.kth.id2203.networking.Message@34b9f960 from:/192.168.1.1:45678 to:/192.168.0.1:45678
01/01 00:00:12 DEBUG[main] s.s.k.s.c.i.P2pSimulator - sending msg:se.kth.id2203.networking.Message@43015c69 from:/192.168.1.1:45678 to:/192.168.0.1:45678
01/01 00:00:12 DEBUG[main] s.s.k.s.c.i.P2pSimulator - sending msg:se.kth.id2203.networking.Message@19b89d4 from:/192.168.1.1:45678 to:/192.168.0.1:45678
01/01 00:00:12 TRACE[main] s.s.k.s.c.i.P2pSimulator - delivered network msg:se.kth.id2203.networking.Message@3b5fad2d from:/192.168.1.1:45678 to:/192.168.0.1:45678
01/01 00:00:12 TRACE[main] s.s.k.s.c.i.P2pSimulator - delivered network msg:se.kth.id2203.networking.Message@5e17553a from:/192.168.1.1:45678 to:/192.168.0.1:45678
01/01 00:00:12 TRACE[main] s.s.k.s.c.i.P2pSimulator - delivered network msg:se.kth.id2203.networking.Message@3eb91815 from:/192.168.1.1:45678 to:/192.168.0.1:45678
01/01 00:00:12 TRACE[main] s.s.k.s.c.i.P2pSimulator - delivered network msg:se.kth.id2203.networking.Message@56dc1551 from:/192.168.1.1:45678 to:/192.168.0.1:45678
01/01 00:00:12 TRACE[main] s.s.k.s.c.i.P2pSimulator - delivered network msg:se.kth.id2203.networking.Message@102cec62 from:/192.168.1.1:45678 to:/192.168.0.1:45678
01/01 00:00:12 TRACE[main] s.s.k.s.c.i.P2pSimulator - delivered network msg:se.kth.id2203.networking.Message@74f6c5d8 from:/192.168.1.1:45678 to:/192.168.0.1:45678
01/01 00:00:12 TRACE[main] s.s.k.s.c.i.P2pSimulator - delivered network msg:se.kth.id2203.networking.Message@27912e3 from:/192.168.1.1:45678 to:/192.168.0.1:45678
01/01 00:00:12 TRACE[main] s.s.k.s.c.i.P2pSimulator - delivered network msg:se.kth.id2203.networking.Message@34b9f960 from:/192.168.1.1:45678 to:/192.168.0.1:45678
01/01 00:00:12 TRACE[main] s.s.k.s.c.i.P2pSimulator - delivered network msg:se.kth.id2203.networking.Message@43015c69 from:/192.168.1.1:45678 to:/192.168.0.1:45678
01/01 00:00:12 TRACE[main] s.s.k.s.c.i.P2pSimulator - delivered network msg:se.kth.id2203.networking.Message@19b89d4 from:/192.168.1.1:45678 to:/192.168.0.1:45678
Sending broadcast
01/01 00:00:12 DEBUG[main] s.s.k.s.c.i.P2pSimulator - sending msg:se.kth.id2203.beb.BEBMessage@4bbf6d0e from:/192.168.0.1:45678 to:/192.168.0.3:45678
Sending broadcast
01/01 00:00:12 DEBUG[main] s.s.k.s.c.i.P2pSimulator - sending msg:se.kth.id2203.beb.BEBMessage@30b6ffe0 from:/192.168.0.1:45678 to:/192.168.0.3:45678
Sending broadcast
01/01 00:00:12 DEBUG[main] s.s.k.s.c.i.P2pSimulator - sending msg:se.kth.id2203.beb.BEBMessage@791d1f8b from:/192.168.0.1:45678 to:/192.168.0.3:45678
Sending broadcast
01/01 00:00:12 DEBUG[main] s.s.k.s.c.i.P2pSimulator - sending msg:se.kth.id2203.beb.BEBMessage@2415fc55 from:/192.168.0.1:45678 to:/192.168.0.3:45678
Sending broadcast
01/01 00:00:12 DEBUG[main] s.s.k.s.c.i.P2pSimulator - sending msg:se.kth.id2203.beb.BEBMessage@14f232c4 from:/192.168.0.1:45678 to:/192.168.0.3:45678
Sending broadcast
01/01 00:00:12 DEBUG[main] s.s.k.s.c.i.P2pSimulator - sending msg:se.kth.id2203.beb.BEBMessage@13bc8645 from:/192.168.0.1:45678 to:/192.168.0.3:45678
Sending broadcast
01/01 00:00:12 DEBUG[main] s.s.k.s.c.i.P2pSimulator - sending msg:se.kth.id2203.beb.BEBMessage@24c22fe from:/192.168.0.1:45678 to:/192.168.0.3:45678
Sending broadcast
01/01 00:00:12 DEBUG[main] s.s.k.s.c.i.P2pSimulator - sending msg:se.kth.id2203.beb.BEBMessage@93081b6 from:/192.168.0.1:45678 to:/192.168.0.3:45678
Sending broadcast
01/01 00:00:12 DEBUG[main] s.s.k.s.c.i.P2pSimulator - sending msg:se.kth.id2203.beb.BEBMessage@cd1e646 from:/192.168.0.1:45678 to:/192.168.0.3:45678
Sending broadcast
01/01 00:00:12 DEBUG[main] s.s.k.s.c.i.P2pSimulator - sending msg:se.kth.id2203.beb.BEBMessage@7ba8c737 from:/192.168.0.1:45678 to:/192.168.0.3:45678
01/01 00:00:12 TRACE[main] s.s.k.s.c.i.P2pSimulator - delivered network msg:se.kth.id2203.beb.BEBMessage@4bbf6d0e from:/192.168.0.1:45678 to:/192.168.0.3:45678
01/01 00:00:12 TRACE[main] s.s.k.s.c.i.P2pSimulator - delivered network msg:se.kth.id2203.beb.BEBMessage@30b6ffe0 from:/192.168.0.1:45678 to:/192.168.0.3:45678
01/01 00:00:12 TRACE[main] s.s.k.s.c.i.P2pSimulator - delivered network msg:se.kth.id2203.beb.BEBMessage@791d1f8b from:/192.168.0.1:45678 to:/192.168.0.3:45678
01/01 00:00:12 TRACE[main] s.s.k.s.c.i.P2pSimulator - delivered network msg:se.kth.id2203.beb.BEBMessage@2415fc55 from:/192.168.0.1:45678 to:/192.168.0.3:45678
01/01 00:00:12 TRACE[main] s.s.k.s.c.i.P2pSimulator - delivered network msg:se.kth.id2203.beb.BEBMessage@14f232c4 from:/192.168.0.1:45678 to:/192.168.0.3:45678
01/01 00:00:12 TRACE[main] s.s.k.s.c.i.P2pSimulator - delivered network msg:se.kth.id2203.beb.BEBMessage@13bc8645 from:/192.168.0.1:45678 to:/192.168.0.3:45678
01/01 00:00:12 TRACE[main] s.s.k.s.c.i.P2pSimulator - delivered network msg:se.kth.id2203.beb.BEBMessage@24c22fe from:/192.168.0.1:45678 to:/192.168.0.3:45678
01/01 00:00:12 TRACE[main] s.s.k.s.c.i.P2pSimulator - delivered network msg:se.kth.id2203.beb.BEBMessage@93081b6 from:/192.168.0.1:45678 to:/192.168.0.3:45678
01/01 00:00:12 TRACE[main] s.s.k.s.c.i.P2pSimulator - delivered network msg:se.kth.id2203.beb.BEBMessage@cd1e646 from:/192.168.0.1:45678 to:/192.168.0.3:45678
01/01 00:00:12 TRACE[main] s.s.k.s.c.i.P2pSimulator - delivered network msg:se.kth.id2203.beb.BEBMessage@7ba8c737 from:/192.168.0.1:45678 to:/192.168.0.3:45678
Delivered broadcast
Delivered broadcast
Delivered broadcast
Delivered broadcast
Delivered broadcast
Delivered broadcast
Delivered broadcast
Delivered broadcast
Delivered broadcast
Delivered broadcast
01/01 00:00:16 DEBUG[main] s.s.k.s.c.i.P2pSimulator - triggered [periodic] timeout:se.kth.id2203.bootstrapping.BSTimeout&lt;03d242c9-c6bc-66e5-fa08-de95fda00201&gt;
01/01 00:00:16 INFO [main] s.k.i.o.VSOverlayManager - I am the leader.
01/01 00:00:16 DEBUG[main] s.s.k.s.c.i.P2pSimulator - cancelPeriodicTimeout: 03d242c9-c6bc-66e5-fa08-de95fda00201. APT=[03d242c9-c6bc-66e5-fa08-de95fda00201]
01/01 00:01:52 INFO [main] s.s.k.s.c.i.P2pSimulator - simulation terminated
01/01 00:01:52 INFO [main] s.s.k.s.c.i.P2pSimulator - ========================================================
01/01 00:01:52 INFO [main] s.s.k.s.c.i.P2pSimulator - Simulated time: 1m 52s
01/01 00:01:52 INFO [main] s.s.k.s.c.i.P2pSimulator - Real time: 0.369s
01/01 00:01:52 INFO [main] s.s.k.s.c.i.P2pSimulator - Time compression factor:303.5230352303523
01/01 00:01:52 INFO [main] s.s.k.s.c.i.P2pSimulator - ========================================================
01/01 00:01:52 INFO [main] s.s.k.s.c.i.SimulatorMngrComp - terminating simulation...
</system-out>
    <system-err>Caught an exception: java.io.FileNotFoundException: /Users/Klas/Library/Mobile%20Documents/com~apple~CloudDocs/KTH/dsac/project/id2203-project/common/target/project17-common-1.0-SNAPSHOT.jar (No such file or directory)
Caught an exception: java.io.FileNotFoundException: /Users/Klas/Library/Mobile%20Documents/com~apple~CloudDocs/KTH/dsac/project/id2203-project/common/target/project17-common-1.0-SNAPSHOT.jar (No such file or directory)
Caught an exception: java.io.FileNotFoundException: /Users/Klas/Library/Mobile%20Documents/com~apple~CloudDocs/KTH/dsac/project/id2203-project/common/target/project17-common-1.0-SNAPSHOT.jar (No such file or directory)
Caught an exception: java.io.FileNotFoundException: /Users/Klas/Library/Mobile%20Documents/com~apple~CloudDocs/KTH/dsac/project/id2203-project/common/target/project17-common-1.0-SNAPSHOT.jar (No such file or directory)
Caught an exception: java.io.FileNotFoundException: /Users/Klas/Library/Mobile%20Documents/com~apple~CloudDocs/KTH/dsac/project/id2203-project/common/target/project17-common-1.0-SNAPSHOT.jar (No such file or directory)
Caught an exception: java.io.FileNotFoundException: /Users/Klas/Library/Mobile%20Documents/com~apple~CloudDocs/KTH/dsac/project/id2203-project/common/target/project17-common-1.0-SNAPSHOT.jar (No such file or directory)
Caught an exception: java.io.FileNotFoundException: /Users/Klas/Library/Mobile%20Documents/com~apple~CloudDocs/KTH/dsac/project/id2203-project/common/target/project17-common-1.0-SNAPSHOT.jar (No such file or directory)
Caught an exception: java.io.FileNotFoundException: /Users/Klas/Library/Mobile%20Documents/com~apple~CloudDocs/KTH/dsac/project/id2203-project/common/target/project17-common-1.0-SNAPSHOT.jar (No such file or directory)
Caught an exception: java.io.FileNotFoundException: /Users/Klas/Library/Mobile%20Documents/com~apple~CloudDocs/KTH/dsac/project/id2203-project/common/target/project17-common-1.0-SNAPSHOT.jar (No such file or directory)
Caught an exception: java.io.FileNotFoundException: /Users/Klas/Library/Mobile%20Documents/com~apple~CloudDocs/KTH/dsac/project/id2203-project/common/target/project17-common-1.0-SNAPSHOT.jar (No such file or directory)
Caught an exception: java.io.FileNotFoundException: /Users/Klas/Library/Mobile%20Documents/com~apple~CloudDocs/KTH/dsac/project/id2203-project/common/target/project17-common-1.0-SNAPSHOT.jar (No such file or directory)
Caught an exception: java.io.FileNotFoundException: /Users/Klas/Library/Mobile%20Documents/com~apple~CloudDocs/KTH/dsac/project/id2203-project/common/target/project17-common-1.0-SNAPSHOT.jar (No such file or directory)
</system-err>
  </testcase>
</testsuite>