<?xml version="1.0" encoding="UTF-8" ?>
<testsuite tests="1" failures="1" name="se.kth.id2203.simulation.OpsTest" time="6.736" errors="0" skipped="0">
  <properties>
[...]
</properties>
  <testcase classname="se.kth.id2203.simulation.OpsTest" name="simpleOpsTest" time="6.736">
    <failure message="null expected:&lt;NOT_IMPLEMENTED&gt; but was:&lt;null&gt;" type="junit.framework.ComparisonFailure">junit.framework.ComparisonFailure: null expected:&lt;NOT_IMPLEMENTED&gt; but was:&lt;null&gt;
	at junit.framework.Assert.assertEquals(Assert.java:81)
	at junit.framework.Assert.assertEquals(Assert.java:87)
	at se.kth.id2203.simulation.OpsTest.simpleOpsTest(OpsTest.java:48)
	at sun.reflect.NativeMethodAccessorImpl.invoke0(Native Method)
	at sun.reflect.NativeMethodAccessorImpl.invoke(NativeMethodAccessorImpl.java:62)
	at sun.reflect.DelegatingMethodAccessorImpl.invoke(DelegatingMethodAccessorImpl.java:43)
	at java.lang.reflect.Method.invoke(Method.java:498)
	at org.junit.runners.model.FrameworkMethod$1.runReflectiveCall(FrameworkMethod.java:44)
	at org.junit.internal.runners.model.ReflectiveCallable.run(ReflectiveCallable.java:15)
	at org.junit.runners.model.FrameworkMethod.invokeExplosively(FrameworkMethod.java:41)
	at org.junit.internal.runners.statements.InvokeMethod.evaluate(InvokeMethod.java:20)
	at org.junit.internal.runners.statements.RunBefores.evaluate(RunBefores.java:28)
	at org.junit.internal.runners.statements.RunAfters.evaluate(RunAfters.java:31)
	at org.junit.runners.BlockJUnit4ClassRunner.runChild(BlockJUnit4ClassRunner.java:73)
	at org.junit.runners.BlockJUnit4ClassRunner.runChild(BlockJUnit4ClassRunner.java:46)
	at org.junit.runners.ParentRunner.runChildren(ParentRunner.java:180)
	at org.junit.runners.ParentRunner.access$000(ParentRunner.java:41)
	at org.junit.runners.ParentRunner$1.evaluate(ParentRunner.java:173)
	at org.junit.internal.runners.statements.RunBefores.evaluate(RunBefores.java:28)
	at org.junit.internal.runners.statements.RunAfters.evaluate(RunAfters.java:31)
	at org.junit.runners.ParentRunner.run(ParentRunner.java:220)
	at org.apache.maven.surefire.junit4.JUnit4Provider.execute(JUnit4Provider.java:252)
	at org.apache.maven.surefire.junit4.JUnit4Provider.executeTestSet(JUnit4Provider.java:141)
	at org.apache.maven.surefire.junit4.JUnit4Provider.invoke(JUnit4Provider.java:112)
	at sun.reflect.NativeMethodAccessorImpl.invoke0(Native Method)
	at sun.reflect.NativeMethodAccessorImpl.invoke(NativeMethodAccessorImpl.java:62)
	at sun.reflect.DelegatingMethodAccessorImpl.invoke(DelegatingMethodAccessorImpl.java:43)
	at java.lang.reflect.Method.invoke(Method.java:498)
	at org.apache.maven.surefire.util.ReflectionUtils.invokeMethodWithArray(ReflectionUtils.java:189)
	at org.apache.maven.surefire.booter.ProviderFactory$ProviderProxy.invoke(ProviderFactory.java:165)
	at org.apache.maven.surefire.booter.ProviderFactory.invokeProvider(ProviderFactory.java:85)
	at org.apache.maven.surefire.booter.ForkedBooter.runSuitesInProcess(ForkedBooter.java:115)
	at org.apache.maven.surefire.booter.ForkedBooter.main(ForkedBooter.java:75)
</failure>
    <system-out>20:10:16,689 |-INFO in ch.qos.logback.classic.LoggerContext[default] - Could NOT find resource [logback.groovy]
20:10:16,690 |-INFO in ch.qos.logback.classic.LoggerContext[default] - Could NOT find resource [logback-test.xml]
20:10:16,690 |-INFO in ch.qos.logback.classic.LoggerContext[default] - Found resource [logback.xml] at [file:/Users/Klas/Library/Mobile%20Documents/com~apple~CloudDocs/KTH/dsac/project/id2203-project/server/target/test-classes/logback.xml]
20:10:16,694 |-WARN in ch.qos.logback.classic.LoggerContext[default] - Resource [logback.xml] occurs multiple times on the classpath.
20:10:16,694 |-WARN in ch.qos.logback.classic.LoggerContext[default] - Resource [logback.xml] occurs at [file:/Users/Klas/Library/Mobile%20Documents/com~apple~CloudDocs/KTH/dsac/project/id2203-project/server/target/classes/logback.xml]
20:10:16,694 |-WARN in ch.qos.logback.classic.LoggerContext[default] - Resource [logback.xml] occurs at [file:/Users/Klas/Library/Mobile%20Documents/com~apple~CloudDocs/KTH/dsac/project/id2203-project/server/target/test-classes/logback.xml]
20:10:17,315 |-INFO in ch.qos.logback.classic.joran.action.ConfigurationAction - debug attribute not set
20:10:17,551 |-INFO in ch.qos.logback.core.joran.action.AppenderAction - About to instantiate appender of type [ch.qos.logback.core.ConsoleAppender]
20:10:17,572 |-INFO in ch.qos.logback.core.joran.action.AppenderAction - Naming appender as [CONSOLE]
20:10:17,600 |-INFO in ch.qos.logback.core.joran.action.NestedComplexPropertyIA - Assuming default type [ch.qos.logback.classic.encoder.PatternLayoutEncoder] for [encoder] property
20:10:17,701 |-INFO in ch.qos.logback.classic.joran.action.LoggerAction - Setting level of logger [Kompics] to INFO
20:10:17,701 |-INFO in ch.qos.logback.classic.joran.action.LoggerAction - Setting level of logger [se.sics.kompics.timer.java.JavaTimer] to INFO
20:10:17,701 |-INFO in ch.qos.logback.classic.joran.action.LoggerAction - Setting level of logger [se.kth.id2203] to DEBUG
20:10:17,701 |-INFO in ch.qos.logback.classic.joran.action.RootLoggerAction - Setting level of ROOT logger to TRACE
20:10:17,702 |-INFO in ch.qos.logback.core.joran.action.AppenderRefAction - Attaching appender named [CONSOLE] to Logger[ROOT]
20:10:17,702 |-INFO in ch.qos.logback.classic.joran.action.ConfigurationAction - End of configuration.
20:10:17,706 |-INFO in ch.qos.logback.classic.joran.JoranConfigurator@3bfdc050 - Registering current configuration as safe fallback point

02/20 20:10:18 INFO [main] CodeInstrumentation - no user defined instrumentation exceptions detected
00:00:00,001 |-INFO in ch.qos.logback.classic.LoggerContext[default] - Could NOT find resource [logback.groovy]
00:00:00,001 |-INFO in ch.qos.logback.classic.LoggerContext[default] - Could NOT find resource [logback-test.xml]
00:00:00,001 |-INFO in ch.qos.logback.classic.LoggerContext[default] - Found resource [logback.xml] at [file:/Users/Klas/Library/Mobile%20Documents/com~apple~CloudDocs/KTH/dsac/project/id2203-project/server/target/test-classes/logback.xml]
00:00:00,001 |-WARN in ch.qos.logback.classic.LoggerContext[default] - Resource [logback.xml] occurs multiple times on the classpath.
00:00:00,001 |-WARN in ch.qos.logback.classic.LoggerContext[default] - Resource [logback.xml] occurs at [file:/Users/Klas/Library/Mobile%20Documents/com~apple~CloudDocs/KTH/dsac/project/id2203-project/server/target/classes/logback.xml]
00:00:00,001 |-WARN in ch.qos.logback.classic.LoggerContext[default] - Resource [logback.xml] occurs at [file:/Users/Klas/Library/Mobile%20Documents/com~apple~CloudDocs/KTH/dsac/project/id2203-project/server/target/test-classes/logback.xml]
00:00:00,001 |-INFO in ch.qos.logback.classic.joran.action.ConfigurationAction - debug attribute not set
00:00:00,001 |-INFO in ch.qos.logback.core.joran.action.AppenderAction - About to instantiate appender of type [ch.qos.logback.core.ConsoleAppender]
00:00:00,001 |-INFO in ch.qos.logback.core.joran.action.AppenderAction - Naming appender as [CONSOLE]
00:00:00,001 |-INFO in ch.qos.logback.core.joran.action.NestedComplexPropertyIA - Assuming default type [ch.qos.logback.classic.encoder.PatternLayoutEncoder] for [encoder] property
00:00:00,001 |-INFO in ch.qos.logback.classic.joran.action.LoggerAction - Setting level of logger [Kompics] to INFO
00:00:00,001 |-INFO in ch.qos.logback.classic.joran.action.LoggerAction - Setting level of logger [se.sics.kompics.timer.java.JavaTimer] to INFO
00:00:00,001 |-INFO in ch.qos.logback.classic.joran.action.LoggerAction - Setting level of logger [se.kth.id2203] to DEBUG
00:00:00,001 |-INFO in ch.qos.logback.classic.joran.action.RootLoggerAction - Setting level of ROOT logger to TRACE
00:00:00,001 |-INFO in ch.qos.logback.core.joran.action.AppenderRefAction - Attaching appender named [CONSOLE] to Logger[ROOT]
00:00:00,001 |-INFO in ch.qos.logback.classic.joran.action.ConfigurationAction - End of configuration.
00:00:00,001 |-INFO in ch.qos.logback.classic.joran.JoranConfigurator@5b12b668 - Registering current configuration as safe fallback point

01/01 00:00:00 INFO [main] s.s.k.s.c.i.P2pSimulator - initiating...
01/01 00:00:00 INFO [main] s.s.k.s.c.i.SimulatorMngrComp - initiating...
01/01 00:00:00 INFO [main] s.s.k.s.c.i.P2pSimulator - simulation started
01/01 00:00:00 INFO [main] s.s.k.s.c.i.SimulatorMngrComp - starting...
01/01 00:00:00 DEBUG[main] s.s.k.s.c.i.P2pSimulator - Started:Process0
01/01 00:00:00 TRACE[main] s.s.k.s.c.i.P2pSimulator - sending:Process0-StartNode&lt;/192.168.0.1:45678&gt;
01/01 00:00:00 DEBUG[main] s.s.k.s.c.i.SimulatorMngrComp - received start:StartNode&lt;/192.168.0.1:45678&gt; for node:/192.168.0.1:45678
01/01 00:00:00 ERROR[main] Kompics - Handling an event caused a fault! Might be handled later...
java.lang.RuntimeException: se.kth.id2203.kvstore.KVService@5c86a017 has no negative se.kth.id2203.overlay.Routing
	at se.sics.kompics.JavaComponent.getNegative(JavaComponent.java:110)
	at se.kth.id2203.ParentComponent.&lt;init&gt;(ParentComponent.java:48)
	at sun.reflect.NativeConstructorAccessorImpl.newInstance0(Native Method)
	at sun.reflect.NativeConstructorAccessorImpl.newInstance(NativeConstructorAccessorImpl.java:62)
	at sun.reflect.DelegatingConstructorAccessorImpl.newInstance(DelegatingConstructorAccessorImpl.java:45)
	at java.lang.reflect.Constructor.newInstance(Constructor.java:423)
	at java.lang.Class.newInstance(Class.java:442)
	at se.sics.kompics.JavaComponent.createInstance(JavaComponent.java:255)
	at se.sics.kompics.JavaComponent.doCreate(JavaComponent.java:226)
	at se.sics.kompics.ComponentDefinition.create(ComponentDefinition.java:236)
	at se.sics.kompics.simulator.core.impl.SimulatorMngrComp.access$400(SimulatorMngrComp.java:59)
	at se.sics.kompics.simulator.core.impl.SimulatorMngrComp$4.handle(SimulatorMngrComp.java:150)
	at se.sics.kompics.simulator.core.impl.SimulatorMngrComp$4.handle(SimulatorMngrComp.java:133)
	at se.sics.kompics.JavaComponent.executeEvent(JavaComponent.java:389)
	at se.sics.kompics.JavaComponent.execute(JavaComponent.java:333)
	at se.sics.kompics.Scheduler.executeComponent(Scheduler.java:15)
	at se.sics.kompics.simulator.scheduler.BasicSimulationScheduler.proceed(BasicSimulationScheduler.java:55)
	at se.sics.kompics.Kompics.createAndStart(Kompics.java:229)
	at se.sics.kompics.Kompics.createAndStart(Kompics.java:156)
	at se.sics.kompics.simulator.run.LauncherComp.main(LauncherComp.java:57)
	at sun.reflect.NativeMethodAccessorImpl.invoke0(Native Method)
	at sun.reflect.NativeMethodAccessorImpl.invoke(NativeMethodAccessorImpl.java:62)
	at sun.reflect.DelegatingMethodAccessorImpl.invoke(DelegatingMethodAccessorImpl.java:43)
	at java.lang.reflect.Method.invoke(Method.java:498)
	at javassist.Loader.run(Loader.java:288)
	at se.sics.kompics.simulator.SimulationScenario.simulate(SimulationScenario.java:359)
	at se.sics.kompics.simulator.SimulationScenario.simulate(SimulationScenario.java:333)
	at se.kth.id2203.simulation.OpsTest.simpleOpsTest(OpsTest.java:46)
	at sun.reflect.NativeMethodAccessorImpl.invoke0(Native Method)
	at sun.reflect.NativeMethodAccessorImpl.invoke(NativeMethodAccessorImpl.java:62)
	at sun.reflect.DelegatingMethodAccessorImpl.invoke(DelegatingMethodAccessorImpl.java:43)
	at java.lang.reflect.Method.invoke(Method.java:498)
	at org.junit.runners.model.FrameworkMethod$1.runReflectiveCall(FrameworkMethod.java:44)
	at org.junit.internal.runners.model.ReflectiveCallable.run(ReflectiveCallable.java:15)
	at org.junit.runners.model.FrameworkMethod.invokeExplosively(FrameworkMethod.java:41)
	at org.junit.internal.runners.statements.InvokeMethod.evaluate(InvokeMethod.java:20)
	at org.junit.internal.runners.statements.RunBefores.evaluate(RunBefores.java:28)
	at org.junit.internal.runners.statements.RunAfters.evaluate(RunAfters.java:31)
	at org.junit.runners.BlockJUnit4ClassRunner.runChild(BlockJUnit4ClassRunner.java:73)
	at org.junit.runners.BlockJUnit4ClassRunner.runChild(BlockJUnit4ClassRunner.java:46)
	at org.junit.runners.ParentRunner.runChildren(ParentRunner.java:180)
	at org.junit.runners.ParentRunner.access$000(ParentRunner.java:41)
	at org.junit.runners.ParentRunner$1.evaluate(ParentRunner.java:173)
	at org.junit.internal.runners.statements.RunBefores.evaluate(RunBefores.java:28)
	at org.junit.internal.runners.statements.RunAfters.evaluate(RunAfters.java:31)
	at org.junit.runners.ParentRunner.run(ParentRunner.java:220)
	at org.apache.maven.surefire.junit4.JUnit4Provider.execute(JUnit4Provider.java:252)
	at org.apache.maven.surefire.junit4.JUnit4Provider.executeTestSet(JUnit4Provider.java:141)
	at org.apache.maven.surefire.junit4.JUnit4Provider.invoke(JUnit4Provider.java:112)
	at sun.reflect.NativeMethodAccessorImpl.invoke0(Native Method)
	at sun.reflect.NativeMethodAccessorImpl.invoke(NativeMethodAccessorImpl.java:62)
	at sun.reflect.DelegatingMethodAccessorImpl.invoke(DelegatingMethodAccessorImpl.java:43)
	at java.lang.reflect.Method.invoke(Method.java:498)
	at org.apache.maven.surefire.util.ReflectionUtils.invokeMethodWithArray(ReflectionUtils.java:189)
	at org.apache.maven.surefire.booter.ProviderFactory$ProviderProxy.invoke(ProviderFactory.java:165)
	at org.apache.maven.surefire.booter.ProviderFactory.invokeProvider(ProviderFactory.java:85)
	at org.apache.maven.surefire.booter.ForkedBooter.runSuitesInProcess(ForkedBooter.java:115)
	at org.apache.maven.surefire.booter.ForkedBooter.main(ForkedBooter.java:75)
01/01 00:00:00 ERROR[main] Kompics - A fault was escalated to the root component: 
KompicsFault(java.lang.RuntimeException: se.kth.id2203.kvstore.KVService@5c86a017 has no negative se.kth.id2203.overlay.Routing thrown in Component(98f8ba3d-c812-a76d-554d-cd2b40b5f04b):se.sics.kompics.simulator.core.impl.SimulatorMngrComp@2e385cce while handling event StartNode&lt;/192.168.0.1:45678&gt;) 


01/01 00:00:01 TRACE[main] s.s.k.s.c.i.P2pSimulator - sending:Process0-StartNode&lt;/192.168.0.2:45678&gt;
01/01 00:00:02 TRACE[main] s.s.k.s.c.i.P2pSimulator - sending:Process0-StartNode&lt;/192.168.0.3:45678&gt;
01/01 00:00:02 INFO [Thread-0] Kompics - User declared that Fault KompicsFault(java.lang.RuntimeException: se.kth.id2203.kvstore.KVService@5c86a017 has no negative se.kth.id2203.overlay.Routing thrown in Component(98f8ba3d-c812-a76d-554d-cd2b40b5f04b):se.sics.kompics.simulator.core.impl.SimulatorMngrComp@2e385cce while handling event StartNode&lt;/192.168.0.1:45678&gt;) should quit Kompics...
01/01 00:00:02 DEBUG[main] s.s.k.s.c.i.P2pSimulator - Terminated process:Process0
01/01 00:00:12 DEBUG[main] s.s.k.s.c.i.P2pSimulator - Started:Process1
01/01 00:00:12 TRACE[main] s.s.k.s.c.i.P2pSimulator - sending:Process1-StartClient&lt;/192.168.1.1:45678&gt;
01/01 00:00:12 DEBUG[main] s.s.k.s.c.i.P2pSimulator - Terminated process:Process1
01/01 00:01:52 INFO [main] s.s.k.s.c.i.P2pSimulator - simulation terminated
01/01 00:01:52 INFO [main] s.s.k.s.c.i.P2pSimulator - ========================================================
01/01 00:01:52 INFO [main] s.s.k.s.c.i.P2pSimulator - Simulated time: 1m 52s
01/01 00:01:52 INFO [main] s.s.k.s.c.i.P2pSimulator - Real time: 0.457s
01/01 00:01:52 INFO [main] s.s.k.s.c.i.P2pSimulator - Time compression factor:245.0765864332604
01/01 00:01:52 INFO [main] s.s.k.s.c.i.P2pSimulator - ========================================================
01/01 00:01:52 INFO [Thread-0] Kompics - finished quitting Kompics.
</system-out>
    <system-err>Caught an exception: java.io.FileNotFoundException: /Users/Klas/Library/Mobile%20Documents/com~apple~CloudDocs/KTH/dsac/project/id2203-project/common/target/project17-common-1.0-SNAPSHOT.jar (No such file or directory)
Caught an exception: java.io.FileNotFoundException: /Users/Klas/Library/Mobile%20Documents/com~apple~CloudDocs/KTH/dsac/project/id2203-project/common/target/project17-common-1.0-SNAPSHOT.jar (No such file or directory)
Caught an exception: java.io.FileNotFoundException: /Users/Klas/Library/Mobile%20Documents/com~apple~CloudDocs/KTH/dsac/project/id2203-project/common/target/project17-common-1.0-SNAPSHOT.jar (No such file or directory)
Caught an exception: java.io.FileNotFoundException: /Users/Klas/Library/Mobile%20Documents/com~apple~CloudDocs/KTH/dsac/project/id2203-project/common/target/project17-common-1.0-SNAPSHOT.jar (No such file or directory)
Caught an exception: java.io.FileNotFoundException: /Users/Klas/Library/Mobile%20Documents/com~apple~CloudDocs/KTH/dsac/project/id2203-project/common/target/project17-common-1.0-SNAPSHOT.jar (No such file or directory)
Caught an exception: java.io.FileNotFoundException: /Users/Klas/Library/Mobile%20Documents/com~apple~CloudDocs/KTH/dsac/project/id2203-project/common/target/project17-common-1.0-SNAPSHOT.jar (No such file or directory)
Caught an exception: java.io.FileNotFoundException: /Users/Klas/Library/Mobile%20Documents/com~apple~CloudDocs/KTH/dsac/project/id2203-project/common/target/project17-common-1.0-SNAPSHOT.jar (No such file or directory)
Caught an exception: java.io.FileNotFoundException: /Users/Klas/Library/Mobile%20Documents/com~apple~CloudDocs/KTH/dsac/project/id2203-project/common/target/project17-common-1.0-SNAPSHOT.jar (No such file or directory)
Caught an exception: java.io.FileNotFoundException: /Users/Klas/Library/Mobile%20Documents/com~apple~CloudDocs/KTH/dsac/project/id2203-project/common/target/project17-common-1.0-SNAPSHOT.jar (No such file or directory)
Caught an exception: java.io.FileNotFoundException: /Users/Klas/Library/Mobile%20Documents/com~apple~CloudDocs/KTH/dsac/project/id2203-project/common/target/project17-common-1.0-SNAPSHOT.jar (No such file or directory)
Caught an exception: java.io.FileNotFoundException: /Users/Klas/Library/Mobile%20Documents/com~apple~CloudDocs/KTH/dsac/project/id2203-project/common/target/project17-common-1.0-SNAPSHOT.jar (No such file or directory)
Caught an exception: java.io.FileNotFoundException: /Users/Klas/Library/Mobile%20Documents/com~apple~CloudDocs/KTH/dsac/project/id2203-project/common/target/project17-common-1.0-SNAPSHOT.jar (No such file or directory)
Fault in Kompics component escalated to root:
KompicsFault(java.lang.RuntimeException: se.kth.id2203.kvstore.KVService@5c86a017 has no negative se.kth.id2203.overlay.Routing thrown in Component(98f8ba3d-c812-a76d-554d-cd2b40b5f04b):se.sics.kompics.simulator.core.impl.SimulatorMngrComp@2e385cce while handling event StartNode&lt;/192.168.0.1:45678&gt;)
java.lang.RuntimeException: se.kth.id2203.kvstore.KVService@5c86a017 has no negative se.kth.id2203.overlay.Routing
	at se.sics.kompics.JavaComponent.getNegative(JavaComponent.java:110)
	at se.kth.id2203.ParentComponent.&lt;init&gt;(ParentComponent.java:48)
	at sun.reflect.NativeConstructorAccessorImpl.newInstance0(Native Method)
	at sun.reflect.NativeConstructorAccessorImpl.newInstance(NativeConstructorAccessorImpl.java:62)
	at sun.reflect.DelegatingConstructorAccessorImpl.newInstance(DelegatingConstructorAccessorImpl.java:45)
	at java.lang.reflect.Constructor.newInstance(Constructor.java:423)
	at java.lang.Class.newInstance(Class.java:442)
	at se.sics.kompics.JavaComponent.createInstance(JavaComponent.java:255)
	at se.sics.kompics.JavaComponent.doCreate(JavaComponent.java:226)
	at se.sics.kompics.ComponentDefinition.create(ComponentDefinition.java:236)
	at se.sics.kompics.simulator.core.impl.SimulatorMngrComp.access$400(SimulatorMngrComp.java:59)
	at se.sics.kompics.simulator.core.impl.SimulatorMngrComp$4.handle(SimulatorMngrComp.java:150)
	at se.sics.kompics.simulator.core.impl.SimulatorMngrComp$4.handle(SimulatorMngrComp.java:133)
	at se.sics.kompics.JavaComponent.executeEvent(JavaComponent.java:389)
	at se.sics.kompics.JavaComponent.execute(JavaComponent.java:333)
	at se.sics.kompics.Scheduler.executeComponent(Scheduler.java:15)
	at se.sics.kompics.simulator.scheduler.BasicSimulationScheduler.proceed(BasicSimulationScheduler.java:55)
	at se.sics.kompics.Kompics.createAndStart(Kompics.java:229)
	at se.sics.kompics.Kompics.createAndStart(Kompics.java:156)
	at se.sics.kompics.simulator.run.LauncherComp.main(LauncherComp.java:57)
	at sun.reflect.NativeMethodAccessorImpl.invoke0(Native Method)
	at sun.reflect.NativeMethodAccessorImpl.invoke(NativeMethodAccessorImpl.java:62)
	at sun.reflect.DelegatingMethodAccessorImpl.invoke(DelegatingMethodAccessorImpl.java:43)
	at java.lang.reflect.Method.invoke(Method.java:498)
	at javassist.Loader.run(Loader.java:288)
	at se.sics.kompics.simulator.SimulationScenario.simulate(SimulationScenario.java:359)
	at se.sics.kompics.simulator.SimulationScenario.simulate(SimulationScenario.java:333)
	at se.kth.id2203.simulation.OpsTest.simpleOpsTest(OpsTest.java:46)
	at sun.reflect.NativeMethodAccessorImpl.invoke0(Native Method)
	at sun.reflect.NativeMethodAccessorImpl.invoke(NativeMethodAccessorImpl.java:62)
	at sun.reflect.DelegatingMethodAccessorImpl.invoke(DelegatingMethodAccessorImpl.java:43)
	at java.lang.reflect.Method.invoke(Method.java:498)
	at org.junit.runners.model.FrameworkMethod$1.runReflectiveCall(FrameworkMethod.java:44)
	at org.junit.internal.runners.model.ReflectiveCallable.run(ReflectiveCallable.java:15)
	at org.junit.runners.model.FrameworkMethod.invokeExplosively(FrameworkMethod.java:41)
	at org.junit.internal.runners.statements.InvokeMethod.evaluate(InvokeMethod.java:20)
	at org.junit.internal.runners.statements.RunBefores.evaluate(RunBefores.java:28)
	at org.junit.internal.runners.statements.RunAfters.evaluate(RunAfters.java:31)
	at org.junit.runners.BlockJUnit4ClassRunner.runChild(BlockJUnit4ClassRunner.java:73)
	at org.junit.runners.BlockJUnit4ClassRunner.runChild(BlockJUnit4ClassRunner.java:46)
	at org.junit.runners.ParentRunner.runChildren(ParentRunner.java:180)
	at org.junit.runners.ParentRunner.access$000(ParentRunner.java:41)
	at org.junit.runners.ParentRunner$1.evaluate(ParentRunner.java:173)
	at org.junit.internal.runners.statements.RunBefores.evaluate(RunBefores.java:28)
	at org.junit.internal.runners.statements.RunAfters.evaluate(RunAfters.java:31)
	at org.junit.runners.ParentRunner.run(ParentRunner.java:220)
	at org.apache.maven.surefire.junit4.JUnit4Provider.execute(JUnit4Provider.java:252)
	at org.apache.maven.surefire.junit4.JUnit4Provider.executeTestSet(JUnit4Provider.java:141)
	at org.apache.maven.surefire.junit4.JUnit4Provider.invoke(JUnit4Provider.java:112)
	at sun.reflect.NativeMethodAccessorImpl.invoke0(Native Method)
	at sun.reflect.NativeMethodAccessorImpl.invoke(NativeMethodAccessorImpl.java:62)
	at sun.reflect.DelegatingMethodAccessorImpl.invoke(DelegatingMethodAccessorImpl.java:43)
	at java.lang.reflect.Method.invoke(Method.java:498)
	at org.apache.maven.surefire.util.ReflectionUtils.invokeMethodWithArray(ReflectionUtils.java:189)
	at org.apache.maven.surefire.booter.ProviderFactory$ProviderProxy.invoke(ProviderFactory.java:165)
	at org.apache.maven.surefire.booter.ProviderFactory.invokeProvider(ProviderFactory.java:85)
	at org.apache.maven.surefire.booter.ForkedBooter.runSuitesInProcess(ForkedBooter.java:115)
	at org.apache.maven.surefire.booter.ForkedBooter.main(ForkedBooter.java:75)
</system-err>
  </testcase>
</testsuite>